mode: set
github.com/vbyazilim/basichttpdebugger/main.go:9.13,10.41 1 0
github.com/vbyazilim/basichttpdebugger/main.go:10.41,12.3 1 0
github.com/vbyazilim/basichttpdebugger/internal/httpserver/httpserver.go:65.37,67.71 2 0
github.com/vbyazilim/basichttpdebugger/internal/httpserver/httpserver.go:67.71,69.3 1 0
github.com/vbyazilim/basichttpdebugger/internal/httpserver/httpserver.go:70.2,70.95 1 0
github.com/vbyazilim/basichttpdebugger/internal/httpserver/httpserver.go:70.95,72.3 1 0
github.com/vbyazilim/basichttpdebugger/internal/httpserver/httpserver.go:74.2,74.12 1 0
github.com/vbyazilim/basichttpdebugger/internal/httpserver/httpserver.go:78.36,79.68 1 0
github.com/vbyazilim/basichttpdebugger/internal/httpserver/httpserver.go:79.68,81.3 1 0
github.com/vbyazilim/basichttpdebugger/internal/httpserver/httpserver.go:83.2,83.12 1 0
github.com/vbyazilim/basichttpdebugger/internal/httpserver/httpserver.go:90.41,91.30 1 0
github.com/vbyazilim/basichttpdebugger/internal/httpserver/httpserver.go:91.30,93.3 1 0
github.com/vbyazilim/basichttpdebugger/internal/httpserver/httpserver.go:97.48,98.30 1 0
github.com/vbyazilim/basichttpdebugger/internal/httpserver/httpserver.go:98.30,100.3 1 0
github.com/vbyazilim/basichttpdebugger/internal/httpserver/httpserver.go:104.54,105.30 1 0
github.com/vbyazilim/basichttpdebugger/internal/httpserver/httpserver.go:105.30,107.3 1 0
github.com/vbyazilim/basichttpdebugger/internal/httpserver/httpserver.go:111.49,112.30 1 0
github.com/vbyazilim/basichttpdebugger/internal/httpserver/httpserver.go:112.30,114.3 1 0
github.com/vbyazilim/basichttpdebugger/internal/httpserver/httpserver.go:118.48,119.30 1 0
github.com/vbyazilim/basichttpdebugger/internal/httpserver/httpserver.go:119.30,121.3 1 0
github.com/vbyazilim/basichttpdebugger/internal/httpserver/httpserver.go:125.40,126.30 1 0
github.com/vbyazilim/basichttpdebugger/internal/httpserver/httpserver.go:126.30,129.20 2 0
github.com/vbyazilim/basichttpdebugger/internal/httpserver/httpserver.go:129.20,131.18 2 0
github.com/vbyazilim/basichttpdebugger/internal/httpserver/httpserver.go:131.18,133.5 1 0
github.com/vbyazilim/basichttpdebugger/internal/httpserver/httpserver.go:133.10,135.5 1 0
github.com/vbyazilim/basichttpdebugger/internal/httpserver/httpserver.go:141.38,142.30 1 0
github.com/vbyazilim/basichttpdebugger/internal/httpserver/httpserver.go:142.30,144.3 1 0
github.com/vbyazilim/basichttpdebugger/internal/httpserver/httpserver.go:149.42,150.30 1 0
github.com/vbyazilim/basichttpdebugger/internal/httpserver/httpserver.go:150.30,152.3 1 0
github.com/vbyazilim/basichttpdebugger/internal/httpserver/httpserver.go:156.31,157.30 1 0
github.com/vbyazilim/basichttpdebugger/internal/httpserver/httpserver.go:157.30,159.3 1 0
github.com/vbyazilim/basichttpdebugger/internal/httpserver/httpserver.go:169.51,170.68 1 0
github.com/vbyazilim/basichttpdebugger/internal/httpserver/httpserver.go:170.68,172.3 1 0
github.com/vbyazilim/basichttpdebugger/internal/httpserver/httpserver.go:174.2,174.25 1 0
github.com/vbyazilim/basichttpdebugger/internal/httpserver/httpserver.go:177.42,179.2 1 0
github.com/vbyazilim/basichttpdebugger/internal/httpserver/httpserver.go:181.70,186.54 4 0
github.com/vbyazilim/basichttpdebugger/internal/httpserver/httpserver.go:186.54,200.32 10 0
github.com/vbyazilim/basichttpdebugger/internal/httpserver/httpserver.go:200.32,202.4 1 0
github.com/vbyazilim/basichttpdebugger/internal/httpserver/httpserver.go:202.9,205.4 2 0
github.com/vbyazilim/basichttpdebugger/internal/httpserver/httpserver.go:206.3,224.29 8 0
github.com/vbyazilim/basichttpdebugger/internal/httpserver/httpserver.go:224.29,226.4 1 0
github.com/vbyazilim/basichttpdebugger/internal/httpserver/httpserver.go:227.3,229.34 2 0
github.com/vbyazilim/basichttpdebugger/internal/httpserver/httpserver.go:229.34,231.4 1 0
github.com/vbyazilim/basichttpdebugger/internal/httpserver/httpserver.go:233.3,235.19 2 0
github.com/vbyazilim/basichttpdebugger/internal/httpserver/httpserver.go:236.58,246.18 6 0
github.com/vbyazilim/basichttpdebugger/internal/httpserver/httpserver.go:246.18,254.16 4 0
github.com/vbyazilim/basichttpdebugger/internal/httpserver/httpserver.go:256.4,256.17 1 0
github.com/vbyazilim/basichttpdebugger/internal/httpserver/httpserver.go:256.17,256.39 1 0
github.com/vbyazilim/basichttpdebugger/internal/httpserver/httpserver.go:258.4,258.32 1 0
github.com/vbyazilim/basichttpdebugger/internal/httpserver/httpserver.go:258.32,260.5 1 0
github.com/vbyazilim/basichttpdebugger/internal/httpserver/httpserver.go:261.4,261.36 1 0
github.com/vbyazilim/basichttpdebugger/internal/httpserver/httpserver.go:261.36,263.5 1 0
github.com/vbyazilim/basichttpdebugger/internal/httpserver/httpserver.go:264.4,264.64 1 0
github.com/vbyazilim/basichttpdebugger/internal/httpserver/httpserver.go:264.64,276.5 6 0
github.com/vbyazilim/basichttpdebugger/internal/httpserver/httpserver.go:277.4,283.30 5 0
github.com/vbyazilim/basichttpdebugger/internal/httpserver/httpserver.go:284.28,286.58 2 0
github.com/vbyazilim/basichttpdebugger/internal/httpserver/httpserver.go:286.58,294.17 4 0
github.com/vbyazilim/basichttpdebugger/internal/httpserver/httpserver.go:297.5,298.21 2 0
github.com/vbyazilim/basichttpdebugger/internal/httpserver/httpserver.go:298.21,306.17 4 0
github.com/vbyazilim/basichttpdebugger/internal/httpserver/httpserver.go:309.5,314.7 3 0
github.com/vbyazilim/basichttpdebugger/internal/httpserver/httpserver.go:315.12,324.6 3 0
github.com/vbyazilim/basichttpdebugger/internal/httpserver/httpserver.go:328.3,334.34 7 0
github.com/vbyazilim/basichttpdebugger/internal/httpserver/httpserver.go:334.34,336.4 1 0
github.com/vbyazilim/basichttpdebugger/internal/httpserver/httpserver.go:337.3,337.25 1 0
github.com/vbyazilim/basichttpdebugger/internal/httpserver/httpserver.go:337.25,339.4 1 0
github.com/vbyazilim/basichttpdebugger/internal/httpserver/httpserver.go:340.3,340.21 1 0
github.com/vbyazilim/basichttpdebugger/internal/httpserver/httpserver.go:345.51,355.30 2 0
github.com/vbyazilim/basichttpdebugger/internal/httpserver/httpserver.go:355.30,357.3 1 0
github.com/vbyazilim/basichttpdebugger/internal/httpserver/httpserver.go:359.2,359.78 1 0
github.com/vbyazilim/basichttpdebugger/internal/httpserver/httpserver.go:359.78,361.3 1 0
github.com/vbyazilim/basichttpdebugger/internal/httpserver/httpserver.go:363.2,363.30 1 0
github.com/vbyazilim/basichttpdebugger/internal/httpserver/httpserver.go:363.30,365.3 1 0
github.com/vbyazilim/basichttpdebugger/internal/httpserver/httpserver.go:367.2,368.51 2 0
github.com/vbyazilim/basichttpdebugger/internal/httpserver/httpserver.go:368.51,371.3 2 0
github.com/vbyazilim/basichttpdebugger/internal/httpserver/httpserver.go:371.8,373.3 1 0
github.com/vbyazilim/basichttpdebugger/internal/httpserver/httpserver.go:375.2,396.18 6 0
github.com/vbyazilim/basichttpdebugger/internal/httpserver/run.go:19.18,38.16 8 0
github.com/vbyazilim/basichttpdebugger/internal/httpserver/run.go:38.16,40.3 1 0
github.com/vbyazilim/basichttpdebugger/internal/httpserver/run.go:41.2,41.15 1 0
github.com/vbyazilim/basichttpdebugger/internal/httpserver/run.go:41.15,43.52 2 0
github.com/vbyazilim/basichttpdebugger/internal/httpserver/run.go:43.52,45.4 1 0
github.com/vbyazilim/basichttpdebugger/internal/httpserver/run.go:48.2,50.12 2 0
github.com/vbyazilim/basichttpdebugger/internal/httpserver/run.go:50.12,56.38 5 0
github.com/vbyazilim/basichttpdebugger/internal/httpserver/run.go:56.38,58.4 1 0
github.com/vbyazilim/basichttpdebugger/internal/httpserver/run.go:60.3,60.16 1 0
github.com/vbyazilim/basichttpdebugger/internal/httpserver/run.go:63.2,63.38 1 0
github.com/vbyazilim/basichttpdebugger/internal/httpserver/run.go:63.38,65.3 1 0
github.com/vbyazilim/basichttpdebugger/internal/httpserver/run.go:67.2,70.12 3 0
github.com/vbyazilim/basichttpdebugger/internal/validateutils/validateutils.go:9.48,10.59 1 0
github.com/vbyazilim/basichttpdebugger/internal/validateutils/validateutils.go:10.59,12.3 1 0
github.com/vbyazilim/basichttpdebugger/internal/validateutils/validateutils.go:14.2,14.12 1 0
github.com/vbyazilim/basichttpdebugger/internal/envutils/envutils.go:11.56,13.15 2 1
github.com/vbyazilim/basichttpdebugger/internal/envutils/envutils.go:13.15,15.3 1 1
github.com/vbyazilim/basichttpdebugger/internal/envutils/envutils.go:17.2,17.30 1 1
github.com/vbyazilim/basichttpdebugger/internal/envutils/envutils.go:18.14,19.32 1 1
github.com/vbyazilim/basichttpdebugger/internal/envutils/envutils.go:19.32,21.4 1 1
github.com/vbyazilim/basichttpdebugger/internal/envutils/envutils.go:22.12,24.17 2 1
github.com/vbyazilim/basichttpdebugger/internal/envutils/envutils.go:24.17,26.4 1 1
github.com/vbyazilim/basichttpdebugger/internal/envutils/envutils.go:28.3,28.35 1 1
github.com/vbyazilim/basichttpdebugger/internal/envutils/envutils.go:28.35,30.4 1 1
github.com/vbyazilim/basichttpdebugger/internal/envutils/envutils.go:33.2,33.17 1 1
github.com/vbyazilim/basichttpdebugger/internal/stringutils/stringutils.go:18.56,20.17 2 1
github.com/vbyazilim/basichttpdebugger/internal/stringutils/stringutils.go:20.17,22.3 1 1
github.com/vbyazilim/basichttpdebugger/internal/stringutils/stringutils.go:24.2,26.24 3 1
github.com/vbyazilim/basichttpdebugger/internal/stringutils/stringutils.go:26.24,28.3 1 1
github.com/vbyazilim/basichttpdebugger/internal/stringutils/stringutils.go:29.2,39.46 9 1
github.com/vbyazilim/basichttpdebugger/internal/stringutils/stringutils.go:39.46,44.3 3 1
github.com/vbyazilim/basichttpdebugger/internal/stringutils/stringutils.go:46.2,76.33 2 1
github.com/vbyazilim/basichttpdebugger/internal/writerutils/writerutils.go:9.42,10.34 1 1
github.com/vbyazilim/basichttpdebugger/internal/writerutils/writerutils.go:10.34,12.3 1 1
github.com/vbyazilim/basichttpdebugger/internal/writerutils/writerutils.go:14.2,14.11 1 1
